  [1m[36m (3.8ms)[0m  [1mCREATE TABLE "schema_migrations" ("version" character varying NOT NULL) [0m
  [1m[35m (1.8ms)[0m  CREATE UNIQUE INDEX  "unique_schema_migrations" ON "schema_migrations"  ("version")
  [1m[36mActiveRecord::SchemaMigration Load (0.3ms)[0m  [1mSELECT "schema_migrations".* FROM "schema_migrations"[0m


Started GET "/" for ::1 at 2015-10-28 15:57:35 +0100
Processing by PagesController#home as HTML
  Rendered pages/home.html.erb within layouts/application (209.3ms)
Completed 500 Internal Server Error in 3932ms (ActiveRecord: 0.0ms)

Sass::SyntaxError - Undefined variable: "$brandon-regular".:
  sass (3.4.19) lib/sass/script/tree/variable.rb:49:in `_perform'
  sass (3.4.19) lib/sass/script/tree/node.rb:50:in `perform'
  sass (3.4.19) lib/sass/tree/visitors/perform.rb:395:in `visit_prop'
  sass (3.4.19) lib/sass/tree/visitors/base.rb:36:in `visit'
  sass (3.4.19) lib/sass/tree/visitors/perform.rb:158:in `block in visit'
  sass (3.4.19) lib/sass/stack.rb:79:in `block in with_base'
  sass (3.4.19) lib/sass/stack.rb:115:in `with_frame'
  sass (3.4.19) lib/sass/stack.rb:79:in `with_base'
  sass (3.4.19) lib/sass/tree/visitors/perform.rb:158:in `visit'
  sass (3.4.19) lib/sass/tree/visitors/perform.rb:431:in `block (2 levels) in visit_rule'
  sass (3.4.19) lib/sass/tree/visitors/perform.rb:431:in `block in visit_rule'
  sass (3.4.19) lib/sass/tree/visitors/perform.rb:179:in `with_environment'
  sass (3.4.19) lib/sass/tree/visitors/perform.rb:429:in `visit_rule'
  sass (3.4.19) lib/sass/tree/visitors/base.rb:36:in `visit'
  sass (3.4.19) lib/sass/tree/visitors/perform.rb:158:in `block in visit'
  sass (3.4.19) lib/sass/stack.rb:79:in `block in with_base'
  sass (3.4.19) lib/sass/stack.rb:115:in `with_frame'
  sass (3.4.19) lib/sass/stack.rb:79:in `with_base'
  sass (3.4.19) lib/sass/tree/visitors/perform.rb:158:in `visit'
  sass (3.4.19) lib/sass/tree/visitors/perform.rb:431:in `block (2 levels) in visit_rule'
  sass (3.4.19) lib/sass/tree/visitors/perform.rb:431:in `block in visit_rule'
  sass (3.4.19) lib/sass/tree/visitors/perform.rb:179:in `with_environment'
  sass (3.4.19) lib/sass/tree/visitors/perform.rb:429:in `visit_rule'
  sass (3.4.19) lib/sass/tree/visitors/base.rb:36:in `visit'
  sass (3.4.19) lib/sass/tree/visitors/perform.rb:158:in `block in visit'
  sass (3.4.19) lib/sass/stack.rb:79:in `block in with_base'
  sass (3.4.19) lib/sass/stack.rb:115:in `with_frame'
  sass (3.4.19) lib/sass/stack.rb:79:in `with_base'
  sass (3.4.19) lib/sass/tree/visitors/perform.rb:158:in `visit'
  sass (3.4.19) lib/sass/tree/visitors/perform.rb:326:in `block (2 levels) in visit_import'
  sass (3.4.19) lib/sass/tree/visitors/perform.rb:326:in `block in visit_import'
  sass (3.4.19) lib/sass/stack.rb:88:in `block in with_import'
  sass (3.4.19) lib/sass/stack.rb:115:in `with_frame'
  sass (3.4.19) lib/sass/stack.rb:88:in `with_import'
  sass (3.4.19) lib/sass/tree/visitors/perform.rb:323:in `visit_import'
  sass (3.4.19) lib/sass/tree/visitors/base.rb:36:in `visit'
  sass (3.4.19) lib/sass/tree/visitors/perform.rb:158:in `block in visit'
  sass (3.4.19) lib/sass/stack.rb:79:in `block in with_base'
  sass (3.4.19) lib/sass/stack.rb:115:in `with_frame'
  sass (3.4.19) lib/sass/stack.rb:79:in `with_base'
  sass (3.4.19) lib/sass/tree/visitors/perform.rb:158:in `visit'
  sass (3.4.19) lib/sass/tree/visitors/perform.rb:326:in `block (2 levels) in visit_import'
  sass (3.4.19) lib/sass/tree/visitors/perform.rb:326:in `block in visit_import'
  sass (3.4.19) lib/sass/stack.rb:88:in `block in with_import'
  sass (3.4.19) lib/sass/stack.rb:115:in `with_frame'
  sass (3.4.19) lib/sass/stack.rb:88:in `with_import'
  sass (3.4.19) lib/sass/tree/visitors/perform.rb:323:in `visit_import'
  sass (3.4.19) lib/sass/tree/visitors/base.rb:36:in `visit'
  sass (3.4.19) lib/sass/tree/visitors/perform.rb:158:in `block in visit'
  sass (3.4.19) lib/sass/stack.rb:79:in `block in with_base'
  sass (3.4.19) lib/sass/stack.rb:115:in `with_frame'
  sass (3.4.19) lib/sass/stack.rb:79:in `with_base'
  sass (3.4.19) lib/sass/tree/visitors/perform.rb:158:in `visit'
  sass (3.4.19) lib/sass/tree/visitors/base.rb:52:in `block in visit_children'
  sass (3.4.19) lib/sass/tree/visitors/base.rb:52:in `visit_children'
  sass (3.4.19) lib/sass/tree/visitors/perform.rb:167:in `block in visit_children'
  sass (3.4.19) lib/sass/tree/visitors/perform.rb:179:in `with_environment'
  sass (3.4.19) lib/sass/tree/visitors/perform.rb:166:in `visit_children'
  sass (3.4.19) lib/sass/tree/visitors/base.rb:36:in `block in visit'
  sass (3.4.19) lib/sass/tree/visitors/perform.rb:186:in `visit_root'
  sass (3.4.19) lib/sass/tree/visitors/base.rb:36:in `visit'
  sass (3.4.19) lib/sass/tree/visitors/perform.rb:157:in `visit'
  sass (3.4.19) lib/sass/tree/visitors/perform.rb:8:in `visit'
  sass (3.4.19) lib/sass/tree/root_node.rb:36:in `css_tree'
  sass (3.4.19) lib/sass/tree/root_node.rb:20:in `render'
  sass (3.4.19) lib/sass/engine.rb:278:in `render'
  sass-rails (5.0.4) lib/sass/rails/template.rb:47:in `evaluate'
  tilt (2.0.1) lib/tilt/template.rb:96:in `render'
  sprockets (3.4.0) lib/sprockets/legacy_tilt_processor.rb:25:in `call'
  sprockets (3.4.0) lib/sprockets/processor_utils.rb:75:in `call_processor'
  sprockets (3.4.0) lib/sprockets/processor_utils.rb:57:in `block in call_processors'
  sprockets (3.4.0) lib/sprockets/processor_utils.rb:56:in `call_processors'
  sprockets (3.4.0) lib/sprockets/loader.rb:134:in `load_from_unloaded'
  sprockets (3.4.0) lib/sprockets/loader.rb:60:in `block in load'
  sprockets (3.4.0) lib/sprockets/loader.rb:318:in `fetch_asset_from_dependency_cache'
  sprockets (3.4.0) lib/sprockets/loader.rb:44:in `load'
  sprockets (3.4.0) lib/sprockets/cached_environment.rb:20:in `block in initialize'
  sprockets (3.4.0) lib/sprockets/cached_environment.rb:47:in `load'
  sprockets (3.4.0) lib/sprockets/bundle.rb:23:in `block in call'
  sprockets (3.4.0) lib/sprockets/utils.rb:183:in `dfs'
  sprockets (3.4.0) lib/sprockets/bundle.rb:24:in `call'
  sprockets (3.4.0) lib/sprockets/processor_utils.rb:75:in `call_processor'
  sprockets (3.4.0) lib/sprockets/processor_utils.rb:57:in `block in call_processors'
  sprockets (3.4.0) lib/sprockets/processor_utils.rb:56:in `call_processors'
  sprockets (3.4.0) lib/sprockets/loader.rb:134:in `load_from_unloaded'
  sprockets (3.4.0) lib/sprockets/loader.rb:60:in `block in load'
  sprockets (3.4.0) lib/sprockets/loader.rb:318:in `fetch_asset_from_dependency_cache'
  sprockets (3.4.0) lib/sprockets/loader.rb:44:in `load'
  sprockets (3.4.0) lib/sprockets/cached_environment.rb:20:in `block in initialize'
  sprockets (3.4.0) lib/sprockets/cached_environment.rb:47:in `load'
  sprockets (3.4.0) lib/sprockets/base.rb:66:in `find_asset'
  sprockets (3.4.0) lib/sprockets/environment.rb:30:in `find_asset'
  sprockets (3.4.0) lib/sprockets/base.rb:92:in `[]'
  sprockets-rails (2.3.3) lib/sprockets/rails/helper.rb:230:in `lookup_asset_for_path'
  sprockets-rails (2.3.3) lib/sprockets/rails/helper.rb:190:in `check_errors_for'
  sprockets-rails (2.3.3) lib/sprockets/rails/helper.rb:159:in `block in stylesheet_link_tag'
  sprockets-rails (2.3.3) lib/sprockets/rails/helper.rb:158:in `stylesheet_link_tag'
  app/views/layouts/application.html.erb:5:in `_app_views_layouts_application_html_erb__87939649134932145_70324165618020'
  actionview (4.2.3) lib/action_view/template.rb:145:in `block in render'
  activesupport (4.2.3) lib/active_support/notifications.rb:166:in `instrument'
  actionview (4.2.3) lib/action_view/template.rb:333:in `instrument'
  actionview (4.2.3) lib/action_view/template.rb:143:in `render'
  actionview (4.2.3) lib/action_view/renderer/template_renderer.rb:66:in `render_with_layout'
  actionview (4.2.3) lib/action_view/renderer/template_renderer.rb:52:in `render_template'
  actionview (4.2.3) lib/action_view/renderer/template_renderer.rb:14:in `render'
  actionview (4.2.3) lib/action_view/renderer/renderer.rb:42:in `render_template'
  actionview (4.2.3) lib/action_view/renderer/renderer.rb:23:in `render'
  actionview (4.2.3) lib/action_view/rendering.rb:100:in `_render_template'
  actionpack (4.2.3) lib/action_controller/metal/streaming.rb:217:in `_render_template'
  actionview (4.2.3) lib/action_view/rendering.rb:83:in `render_to_body'
  actionpack (4.2.3) lib/action_controller/metal/rendering.rb:32:in `render_to_body'
  actionpack (4.2.3) lib/action_controller/metal/renderers.rb:37:in `render_to_body'
  actionpack (4.2.3) lib/abstract_controller/rendering.rb:25:in `render'
  actionpack (4.2.3) lib/action_controller/metal/rendering.rb:16:in `render'
  actionpack (4.2.3) lib/action_controller/metal/instrumentation.rb:44:in `block (2 levels) in render'
  activesupport (4.2.3) lib/active_support/core_ext/benchmark.rb:12:in `block in ms'
  /Users/alicemorin/.rbenv/versions/2.2.3/lib/ruby/2.2.0/benchmark.rb:303:in `realtime'
  activesupport (4.2.3) lib/active_support/core_ext/benchmark.rb:12:in `ms'
  actionpack (4.2.3) lib/action_controller/metal/instrumentation.rb:44:in `block in render'
  actionpack (4.2.3) lib/action_controller/metal/instrumentation.rb:87:in `cleanup_view_runtime'
  activerecord (4.2.3) lib/active_record/railties/controller_runtime.rb:25:in `cleanup_view_runtime'
  actionpack (4.2.3) lib/action_controller/metal/instrumentation.rb:43:in `render'
  actionpack (4.2.3) lib/action_controller/metal/implicit_render.rb:10:in `default_render'
  actionpack (4.2.3) lib/action_controller/metal/implicit_render.rb:5:in `send_action'
  actionpack (4.2.3) lib/abstract_controller/base.rb:198:in `process_action'
  actionpack (4.2.3) lib/action_controller/metal/rendering.rb:10:in `process_action'
  actionpack (4.2.3) lib/abstract_controller/callbacks.rb:20:in `block in process_action'
  activesupport (4.2.3) lib/active_support/callbacks.rb:115:in `call'
  activesupport (4.2.3) lib/active_support/callbacks.rb:553:in `block (2 levels) in compile'
  activesupport (4.2.3) lib/active_support/callbacks.rb:503:in `call'
  activesupport (4.2.3) lib/active_support/callbacks.rb:88:in `run_callbacks'
  actionpack (4.2.3) lib/abstract_controller/callbacks.rb:19:in `process_action'
  actionpack (4.2.3) lib/action_controller/metal/rescue.rb:29:in `process_action'
  actionpack (4.2.3) lib/action_controller/metal/instrumentation.rb:32:in `block in process_action'
  activesupport (4.2.3) lib/active_support/notifications.rb:164:in `block in instrument'
  activesupport (4.2.3) lib/active_support/notifications/instrumenter.rb:20:in `instrument'
  activesupport (4.2.3) lib/active_support/notifications.rb:164:in `instrument'
  actionpack (4.2.3) lib/action_controller/metal/instrumentation.rb:30:in `process_action'
  actionpack (4.2.3) lib/action_controller/metal/params_wrapper.rb:250:in `process_action'
  activerecord (4.2.3) lib/active_record/railties/controller_runtime.rb:18:in `process_action'
  actionpack (4.2.3) lib/abstract_controller/base.rb:137:in `process'
  actionview (4.2.3) lib/action_view/rendering.rb:30:in `process'
  actionpack (4.2.3) lib/action_controller/metal.rb:196:in `dispatch'
  actionpack (4.2.3) lib/action_controller/metal/rack_delegation.rb:13:in `dispatch'
  actionpack (4.2.3) lib/action_controller/metal.rb:237:in `block in action'
  actionpack (4.2.3) lib/action_dispatch/routing/route_set.rb:76:in `dispatch'
  actionpack (4.2.3) lib/action_dispatch/routing/route_set.rb:45:in `serve'
  actionpack (4.2.3) lib/action_dispatch/journey/router.rb:43:in `block in serve'
  actionpack (4.2.3) lib/action_dispatch/journey/router.rb:30:in `serve'
  actionpack (4.2.3) lib/action_dispatch/routing/route_set.rb:821:in `call'
  rack (1.6.4) lib/rack/etag.rb:24:in `call'
  rack (1.6.4) lib/rack/conditionalget.rb:25:in `call'
  rack (1.6.4) lib/rack/head.rb:13:in `call'
  actionpack (4.2.3) lib/action_dispatch/middleware/params_parser.rb:27:in `call'
  actionpack (4.2.3) lib/action_dispatch/middleware/flash.rb:260:in `call'
  rack (1.6.4) lib/rack/session/abstract/id.rb:225:in `context'
  rack (1.6.4) lib/rack/session/abstract/id.rb:220:in `call'
  actionpack (4.2.3) lib/action_dispatch/middleware/cookies.rb:560:in `call'
  activerecord (4.2.3) lib/active_record/query_cache.rb:36:in `call'
  activerecord (4.2.3) lib/active_record/connection_adapters/abstract/connection_pool.rb:653:in `call'
  activerecord (4.2.3) lib/active_record/migration.rb:377:in `call'
  actionpack (4.2.3) lib/action_dispatch/middleware/callbacks.rb:29:in `block in call'
  activesupport (4.2.3) lib/active_support/callbacks.rb:84:in `run_callbacks'
  actionpack (4.2.3) lib/action_dispatch/middleware/callbacks.rb:27:in `call'
  actionpack (4.2.3) lib/action_dispatch/middleware/reloader.rb:73:in `call'
  actionpack (4.2.3) lib/action_dispatch/middleware/remote_ip.rb:78:in `call'
  better_errors (2.1.1) lib/better_errors/middleware.rb:84:in `protected_app_call'
  better_errors (2.1.1) lib/better_errors/middleware.rb:79:in `better_errors_call'
  better_errors (2.1.1) lib/better_errors/middleware.rb:57:in `call'
  actionpack (4.2.3) lib/action_dispatch/middleware/debug_exceptions.rb:17:in `call'
  actionpack (4.2.3) lib/action_dispatch/middleware/show_exceptions.rb:30:in `call'
  railties (4.2.3) lib/rails/rack/logger.rb:38:in `call_app'
  railties (4.2.3) lib/rails/rack/logger.rb:20:in `block in call'
  activesupport (4.2.3) lib/active_support/tagged_logging.rb:68:in `block in tagged'
  activesupport (4.2.3) lib/active_support/tagged_logging.rb:26:in `tagged'
  activesupport (4.2.3) lib/active_support/tagged_logging.rb:68:in `tagged'
  railties (4.2.3) lib/rails/rack/logger.rb:20:in `call'
  quiet_assets (1.1.0) lib/quiet_assets.rb:27:in `call_with_quiet_assets'
  actionpack (4.2.3) lib/action_dispatch/middleware/request_id.rb:21:in `call'
  rack (1.6.4) lib/rack/methodoverride.rb:22:in `call'
  rack (1.6.4) lib/rack/runtime.rb:18:in `call'
  activesupport (4.2.3) lib/active_support/cache/strategy/local_cache_middleware.rb:28:in `call'
  rack (1.6.4) lib/rack/lock.rb:17:in `call'
  actionpack (4.2.3) lib/action_dispatch/middleware/static.rb:116:in `call'
  rack (1.6.4) lib/rack/sendfile.rb:113:in `call'
  railties (4.2.3) lib/rails/engine.rb:518:in `call'
  railties (4.2.3) lib/rails/application.rb:165:in `call'
  rack (1.6.4) lib/rack/content_length.rb:15:in `call'
  puma (2.13.4) lib/puma/server.rb:541:in `handle_request'
  puma (2.13.4) lib/puma/server.rb:388:in `process_client'
  puma (2.13.4) lib/puma/server.rb:270:in `block in run'
  puma (2.13.4) lib/puma/thread_pool.rb:106:in `block in spawn_thread'



Started POST "/__better_errors/5ba3a087c2a74060/variables" for ::1 at 2015-10-28 15:57:41 +0100


Started GET "/" for ::1 at 2015-10-28 16:00:45 +0100
Processing by PagesController#home as HTML
  Rendered pages/home.html.erb within layouts/application (8.1ms)
Completed 500 Internal Server Error in 1100ms (ActiveRecord: 0.0ms)

Sass::SyntaxError - An @import loop has been found: /Users/alicemorin/code/alicemomo/delicatasting_2/app/assets/stylesheets/pages/_index.scss imports itself:
  sass (3.4.19) lib/sass/tree/visitors/perform.rb:549:in `handle_import_loop!'
  sass (3.4.19) lib/sass/tree/visitors/perform.rb:319:in `visit_import'
  sass (3.4.19) lib/sass/tree/visitors/base.rb:36:in `visit'
  sass (3.4.19) lib/sass/tree/visitors/perform.rb:158:in `block in visit'
  sass (3.4.19) lib/sass/stack.rb:79:in `block in with_base'
  sass (3.4.19) lib/sass/stack.rb:115:in `with_frame'
  sass (3.4.19) lib/sass/stack.rb:79:in `with_base'
  sass (3.4.19) lib/sass/tree/visitors/perform.rb:158:in `visit'
  sass (3.4.19) lib/sass/tree/visitors/perform.rb:326:in `block (2 levels) in visit_import'
  sass (3.4.19) lib/sass/tree/visitors/perform.rb:326:in `block in visit_import'
  sass (3.4.19) lib/sass/stack.rb:88:in `block in with_import'
  sass (3.4.19) lib/sass/stack.rb:115:in `with_frame'
  sass (3.4.19) lib/sass/stack.rb:88:in `with_import'
  sass (3.4.19) lib/sass/tree/visitors/perform.rb:323:in `visit_import'
  sass (3.4.19) lib/sass/tree/visitors/base.rb:36:in `visit'
  sass (3.4.19) lib/sass/tree/visitors/perform.rb:158:in `block in visit'
  sass (3.4.19) lib/sass/stack.rb:79:in `block in with_base'
  sass (3.4.19) lib/sass/stack.rb:115:in `with_frame'
  sass (3.4.19) lib/sass/stack.rb:79:in `with_base'
  sass (3.4.19) lib/sass/tree/visitors/perform.rb:158:in `visit'
  sass (3.4.19) lib/sass/tree/visitors/perform.rb:326:in `block (2 levels) in visit_import'
  sass (3.4.19) lib/sass/tree/visitors/perform.rb:326:in `block in visit_import'
  sass (3.4.19) lib/sass/stack.rb:88:in `block in with_import'
  sass (3.4.19) lib/sass/stack.rb:115:in `with_frame'
  sass (3.4.19) lib/sass/stack.rb:88:in `with_import'
  sass (3.4.19) lib/sass/tree/visitors/perform.rb:323:in `visit_import'
  sass (3.4.19) lib/sass/tree/visitors/base.rb:36:in `visit'
  sass (3.4.19) lib/sass/tree/visitors/perform.rb:158:in `block in visit'
  sass (3.4.19) lib/sass/stack.rb:79:in `block in with_base'
  sass (3.4.19) lib/sass/stack.rb:115:in `with_frame'
  sass (3.4.19) lib/sass/stack.rb:79:in `with_base'
  sass (3.4.19) lib/sass/tree/visitors/perform.rb:158:in `visit'
  sass (3.4.19) lib/sass/tree/visitors/base.rb:52:in `block in visit_children'
  sass (3.4.19) lib/sass/tree/visitors/base.rb:52:in `visit_children'
  sass (3.4.19) lib/sass/tree/visitors/perform.rb:167:in `block in visit_children'
  sass (3.4.19) lib/sass/tree/visitors/perform.rb:179:in `with_environment'
  sass (3.4.19) lib/sass/tree/visitors/perform.rb:166:in `visit_children'
  sass (3.4.19) lib/sass/tree/visitors/base.rb:36:in `block in visit'
  sass (3.4.19) lib/sass/tree/visitors/perform.rb:186:in `visit_root'
  sass (3.4.19) lib/sass/tree/visitors/base.rb:36:in `visit'
  sass (3.4.19) lib/sass/tree/visitors/perform.rb:157:in `visit'
  sass (3.4.19) lib/sass/tree/visitors/perform.rb:8:in `visit'
  sass (3.4.19) lib/sass/tree/root_node.rb:36:in `css_tree'
  sass (3.4.19) lib/sass/tree/root_node.rb:20:in `render'
  sass (3.4.19) lib/sass/engine.rb:278:in `render'
  sass-rails (5.0.4) lib/sass/rails/template.rb:47:in `evaluate'
  tilt (2.0.1) lib/tilt/template.rb:96:in `render'
  sprockets (3.4.0) lib/sprockets/legacy_tilt_processor.rb:25:in `call'
  sprockets (3.4.0) lib/sprockets/processor_utils.rb:75:in `call_processor'
  sprockets (3.4.0) lib/sprockets/processor_utils.rb:57:in `block in call_processors'
  sprockets (3.4.0) lib/sprockets/processor_utils.rb:56:in `call_processors'
  sprockets (3.4.0) lib/sprockets/loader.rb:134:in `load_from_unloaded'
  sprockets (3.4.0) lib/sprockets/loader.rb:60:in `block in load'
  sprockets (3.4.0) lib/sprockets/loader.rb:318:in `fetch_asset_from_dependency_cache'
  sprockets (3.4.0) lib/sprockets/loader.rb:44:in `load'
  sprockets (3.4.0) lib/sprockets/cached_environment.rb:20:in `block in initialize'
  sprockets (3.4.0) lib/sprockets/cached_environment.rb:47:in `load'
  sprockets (3.4.0) lib/sprockets/bundle.rb:23:in `block in call'
  sprockets (3.4.0) lib/sprockets/utils.rb:183:in `dfs'
  sprockets (3.4.0) lib/sprockets/bundle.rb:24:in `call'
  sprockets (3.4.0) lib/sprockets/processor_utils.rb:75:in `call_processor'
  sprockets (3.4.0) lib/sprockets/processor_utils.rb:57:in `block in call_processors'
  sprockets (3.4.0) lib/sprockets/processor_utils.rb:56:in `call_processors'
  sprockets (3.4.0) lib/sprockets/loader.rb:134:in `load_from_unloaded'
  sprockets (3.4.0) lib/sprockets/loader.rb:60:in `block in load'
  sprockets (3.4.0) lib/sprockets/loader.rb:318:in `fetch_asset_from_dependency_cache'
  sprockets (3.4.0) lib/sprockets/loader.rb:44:in `load'
  sprockets (3.4.0) lib/sprockets/cached_environment.rb:20:in `block in initialize'
  sprockets (3.4.0) lib/sprockets/cached_environment.rb:47:in `load'
  sprockets (3.4.0) lib/sprockets/base.rb:66:in `find_asset'
  sprockets (3.4.0) lib/sprockets/environment.rb:30:in `find_asset'
  sprockets (3.4.0) lib/sprockets/base.rb:92:in `[]'
  sprockets-rails (2.3.3) lib/sprockets/rails/helper.rb:230:in `lookup_asset_for_path'
  sprockets-rails (2.3.3) lib/sprockets/rails/helper.rb:190:in `check_errors_for'
  sprockets-rails (2.3.3) lib/sprockets/rails/helper.rb:159:in `block in stylesheet_link_tag'
  sprockets-rails (2.3.3) lib/sprockets/rails/helper.rb:158:in `stylesheet_link_tag'
  app/views/layouts/application.html.erb:5:in `_app_views_layouts_application_html_erb__87939649134932145_70324165618020'
  actionview (4.2.3) lib/action_view/template.rb:145:in `block in render'
  activesupport (4.2.3) lib/active_support/notifications.rb:166:in `instrument'
  actionview (4.2.3) lib/action_view/template.rb:333:in `instrument'
  actionview (4.2.3) lib/action_view/template.rb:143:in `render'
  actionview (4.2.3) lib/action_view/renderer/template_renderer.rb:66:in `render_with_layout'
  actionview (4.2.3) lib/action_view/renderer/template_renderer.rb:52:in `render_template'
  actionview (4.2.3) lib/action_view/renderer/template_renderer.rb:14:in `render'
  actionview (4.2.3) lib/action_view/renderer/renderer.rb:42:in `render_template'
  actionview (4.2.3) lib/action_view/renderer/renderer.rb:23:in `render'
  actionview (4.2.3) lib/action_view/rendering.rb:100:in `_render_template'
  actionpack (4.2.3) lib/action_controller/metal/streaming.rb:217:in `_render_template'
  actionview (4.2.3) lib/action_view/rendering.rb:83:in `render_to_body'
  actionpack (4.2.3) lib/action_controller/metal/rendering.rb:32:in `render_to_body'
  actionpack (4.2.3) lib/action_controller/metal/renderers.rb:37:in `render_to_body'
  actionpack (4.2.3) lib/abstract_controller/rendering.rb:25:in `render'
  actionpack (4.2.3) lib/action_controller/metal/rendering.rb:16:in `render'
  actionpack (4.2.3) lib/action_controller/metal/instrumentation.rb:44:in `block (2 levels) in render'
  activesupport (4.2.3) lib/active_support/core_ext/benchmark.rb:12:in `block in ms'
  /Users/alicemorin/.rbenv/versions/2.2.3/lib/ruby/2.2.0/benchmark.rb:303:in `realtime'
  activesupport (4.2.3) lib/active_support/core_ext/benchmark.rb:12:in `ms'
  actionpack (4.2.3) lib/action_controller/metal/instrumentation.rb:44:in `block in render'
  actionpack (4.2.3) lib/action_controller/metal/instrumentation.rb:87:in `cleanup_view_runtime'
  activerecord (4.2.3) lib/active_record/railties/controller_runtime.rb:25:in `cleanup_view_runtime'
  actionpack (4.2.3) lib/action_controller/metal/instrumentation.rb:43:in `render'
  actionpack (4.2.3) lib/action_controller/metal/implicit_render.rb:10:in `default_render'
  actionpack (4.2.3) lib/action_controller/metal/implicit_render.rb:5:in `send_action'
  actionpack (4.2.3) lib/abstract_controller/base.rb:198:in `process_action'
  actionpack (4.2.3) lib/action_controller/metal/rendering.rb:10:in `process_action'
  actionpack (4.2.3) lib/abstract_controller/callbacks.rb:20:in `block in process_action'
  activesupport (4.2.3) lib/active_support/callbacks.rb:115:in `call'
  activesupport (4.2.3) lib/active_support/callbacks.rb:553:in `block (2 levels) in compile'
  activesupport (4.2.3) lib/active_support/callbacks.rb:503:in `call'
  activesupport (4.2.3) lib/active_support/callbacks.rb:88:in `run_callbacks'
  actionpack (4.2.3) lib/abstract_controller/callbacks.rb:19:in `process_action'
  actionpack (4.2.3) lib/action_controller/metal/rescue.rb:29:in `process_action'
  actionpack (4.2.3) lib/action_controller/metal/instrumentation.rb:32:in `block in process_action'
  activesupport (4.2.3) lib/active_support/notifications.rb:164:in `block in instrument'
  activesupport (4.2.3) lib/active_support/notifications/instrumenter.rb:20:in `instrument'
  activesupport (4.2.3) lib/active_support/notifications.rb:164:in `instrument'
  actionpack (4.2.3) lib/action_controller/metal/instrumentation.rb:30:in `process_action'
  actionpack (4.2.3) lib/action_controller/metal/params_wrapper.rb:250:in `process_action'
  activerecord (4.2.3) lib/active_record/railties/controller_runtime.rb:18:in `process_action'
  actionpack (4.2.3) lib/abstract_controller/base.rb:137:in `process'
  actionview (4.2.3) lib/action_view/rendering.rb:30:in `process'
  actionpack (4.2.3) lib/action_controller/metal.rb:196:in `dispatch'
  actionpack (4.2.3) lib/action_controller/metal/rack_delegation.rb:13:in `dispatch'
  actionpack (4.2.3) lib/action_controller/metal.rb:237:in `block in action'
  actionpack (4.2.3) lib/action_dispatch/routing/route_set.rb:76:in `dispatch'
  actionpack (4.2.3) lib/action_dispatch/routing/route_set.rb:45:in `serve'
  actionpack (4.2.3) lib/action_dispatch/journey/router.rb:43:in `block in serve'
  actionpack (4.2.3) lib/action_dispatch/journey/router.rb:30:in `serve'
  actionpack (4.2.3) lib/action_dispatch/routing/route_set.rb:821:in `call'
  rack (1.6.4) lib/rack/etag.rb:24:in `call'
  rack (1.6.4) lib/rack/conditionalget.rb:25:in `call'
  rack (1.6.4) lib/rack/head.rb:13:in `call'
  actionpack (4.2.3) lib/action_dispatch/middleware/params_parser.rb:27:in `call'
  actionpack (4.2.3) lib/action_dispatch/middleware/flash.rb:260:in `call'
  rack (1.6.4) lib/rack/session/abstract/id.rb:225:in `context'
  rack (1.6.4) lib/rack/session/abstract/id.rb:220:in `call'
  actionpack (4.2.3) lib/action_dispatch/middleware/cookies.rb:560:in `call'
  activerecord (4.2.3) lib/active_record/query_cache.rb:36:in `call'
  activerecord (4.2.3) lib/active_record/connection_adapters/abstract/connection_pool.rb:653:in `call'
  activerecord (4.2.3) lib/active_record/migration.rb:377:in `call'
  actionpack (4.2.3) lib/action_dispatch/middleware/callbacks.rb:29:in `block in call'
  activesupport (4.2.3) lib/active_support/callbacks.rb:84:in `run_callbacks'
  actionpack (4.2.3) lib/action_dispatch/middleware/callbacks.rb:27:in `call'
  actionpack (4.2.3) lib/action_dispatch/middleware/reloader.rb:73:in `call'
  actionpack (4.2.3) lib/action_dispatch/middleware/remote_ip.rb:78:in `call'
  better_errors (2.1.1) lib/better_errors/middleware.rb:84:in `protected_app_call'
  better_errors (2.1.1) lib/better_errors/middleware.rb:79:in `better_errors_call'
  better_errors (2.1.1) lib/better_errors/middleware.rb:57:in `call'
  actionpack (4.2.3) lib/action_dispatch/middleware/debug_exceptions.rb:17:in `call'
  actionpack (4.2.3) lib/action_dispatch/middleware/show_exceptions.rb:30:in `call'
  railties (4.2.3) lib/rails/rack/logger.rb:38:in `call_app'
  railties (4.2.3) lib/rails/rack/logger.rb:20:in `block in call'
  activesupport (4.2.3) lib/active_support/tagged_logging.rb:68:in `block in tagged'
  activesupport (4.2.3) lib/active_support/tagged_logging.rb:26:in `tagged'
  activesupport (4.2.3) lib/active_support/tagged_logging.rb:68:in `tagged'
  railties (4.2.3) lib/rails/rack/logger.rb:20:in `call'
  quiet_assets (1.1.0) lib/quiet_assets.rb:27:in `call_with_quiet_assets'
  actionpack (4.2.3) lib/action_dispatch/middleware/request_id.rb:21:in `call'
  rack (1.6.4) lib/rack/methodoverride.rb:22:in `call'
  rack (1.6.4) lib/rack/runtime.rb:18:in `call'
  activesupport (4.2.3) lib/active_support/cache/strategy/local_cache_middleware.rb:28:in `call'
  rack (1.6.4) lib/rack/lock.rb:17:in `call'
  actionpack (4.2.3) lib/action_dispatch/middleware/static.rb:116:in `call'
  rack (1.6.4) lib/rack/sendfile.rb:113:in `call'
  railties (4.2.3) lib/rails/engine.rb:518:in `call'
  railties (4.2.3) lib/rails/application.rb:165:in `call'
  rack (1.6.4) lib/rack/content_length.rb:15:in `call'
  puma (2.13.4) lib/puma/server.rb:541:in `handle_request'
  puma (2.13.4) lib/puma/server.rb:388:in `process_client'
  puma (2.13.4) lib/puma/server.rb:270:in `block in run'
  puma (2.13.4) lib/puma/thread_pool.rb:106:in `block in spawn_thread'



Started POST "/__better_errors/f3bfadd81144536d/variables" for ::1 at 2015-10-28 16:00:47 +0100


Started GET "/" for ::1 at 2015-10-28 16:02:03 +0100
Processing by PagesController#home as HTML
  Rendered pages/home.html.erb within layouts/application (7.2ms)
Completed 200 OK in 7408ms (Views: 7408.5ms | ActiveRecord: 0.0ms)


Started GET "/" for ::1 at 2015-10-28 16:02:11 +0100
Processing by PagesController#home as HTML
  Rendered pages/home.html.erb within layouts/application (8.0ms)
Completed 200 OK in 125ms (Views: 124.4ms | ActiveRecord: 0.0ms)


Started GET "/images/images/caire.jpg" for ::1 at 2015-10-28 16:02:13 +0100

ActionController::RoutingError (No route matches [GET] "/images/images/caire.jpg"):
  actionpack (4.2.3) lib/action_dispatch/middleware/debug_exceptions.rb:21:in `call'
  actionpack (4.2.3) lib/action_dispatch/middleware/show_exceptions.rb:30:in `call'
  railties (4.2.3) lib/rails/rack/logger.rb:38:in `call_app'
  railties (4.2.3) lib/rails/rack/logger.rb:20:in `block in call'
  activesupport (4.2.3) lib/active_support/tagged_logging.rb:68:in `block in tagged'
  activesupport (4.2.3) lib/active_support/tagged_logging.rb:26:in `tagged'
  activesupport (4.2.3) lib/active_support/tagged_logging.rb:68:in `tagged'
  railties (4.2.3) lib/rails/rack/logger.rb:20:in `call'
  quiet_assets (1.1.0) lib/quiet_assets.rb:27:in `call_with_quiet_assets'
  actionpack (4.2.3) lib/action_dispatch/middleware/request_id.rb:21:in `call'
  rack (1.6.4) lib/rack/methodoverride.rb:22:in `call'
  rack (1.6.4) lib/rack/runtime.rb:18:in `call'
  activesupport (4.2.3) lib/active_support/cache/strategy/local_cache_middleware.rb:28:in `call'
  rack (1.6.4) lib/rack/lock.rb:17:in `call'
  actionpack (4.2.3) lib/action_dispatch/middleware/static.rb:116:in `call'
  rack (1.6.4) lib/rack/sendfile.rb:113:in `call'
  railties (4.2.3) lib/rails/engine.rb:518:in `call'
  railties (4.2.3) lib/rails/application.rb:165:in `call'
  rack (1.6.4) lib/rack/content_length.rb:15:in `call'
  puma (2.13.4) lib/puma/server.rb:541:in `handle_request'
  puma (2.13.4) lib/puma/server.rb:388:in `process_client'
  puma (2.13.4) lib/puma/server.rb:270:in `block in run'
  puma (2.13.4) lib/puma/thread_pool.rb:106:in `call'
  puma (2.13.4) lib/puma/thread_pool.rb:106:in `block in spawn_thread'


  Rendered /Users/alicemorin/.rbenv/versions/2.2.3/lib/ruby/gems/2.2.0/gems/actionpack-4.2.3/lib/action_dispatch/middleware/templates/rescues/_trace.html.erb (1.3ms)
  Rendered /Users/alicemorin/.rbenv/versions/2.2.3/lib/ruby/gems/2.2.0/gems/actionpack-4.2.3/lib/action_dispatch/middleware/templates/routes/_route.html.erb (0.8ms)
  Rendered /Users/alicemorin/.rbenv/versions/2.2.3/lib/ruby/gems/2.2.0/gems/actionpack-4.2.3/lib/action_dispatch/middleware/templates/routes/_table.html.erb (85.1ms)
  Rendered /Users/alicemorin/.rbenv/versions/2.2.3/lib/ruby/gems/2.2.0/gems/actionpack-4.2.3/lib/action_dispatch/middleware/templates/rescues/_request_and_response.html.erb (3.6ms)
  Rendered /Users/alicemorin/.rbenv/versions/2.2.3/lib/ruby/gems/2.2.0/gems/actionpack-4.2.3/lib/action_dispatch/middleware/templates/rescues/routing_error.html.erb within rescues/layout (263.1ms)


Started GET "/images/images/julhes.jpg" for ::1 at 2015-10-28 16:02:14 +0100

ActionController::RoutingError (No route matches [GET] "/images/images/julhes.jpg"):
  actionpack (4.2.3) lib/action_dispatch/middleware/debug_exceptions.rb:21:in `call'
  actionpack (4.2.3) lib/action_dispatch/middleware/show_exceptions.rb:30:in `call'
  railties (4.2.3) lib/rails/rack/logger.rb:38:in `call_app'
  railties (4.2.3) lib/rails/rack/logger.rb:20:in `block in call'
  activesupport (4.2.3) lib/active_support/tagged_logging.rb:68:in `block in tagged'
  activesupport (4.2.3) lib/active_support/tagged_logging.rb:26:in `tagged'
  activesupport (4.2.3) lib/active_support/tagged_logging.rb:68:in `tagged'
  railties (4.2.3) lib/rails/rack/logger.rb:20:in `call'
  quiet_assets (1.1.0) lib/quiet_assets.rb:27:in `call_with_quiet_assets'
  actionpack (4.2.3) lib/action_dispatch/middleware/request_id.rb:21:in `call'
  rack (1.6.4) lib/rack/methodoverride.rb:22:in `call'
  rack (1.6.4) lib/rack/runtime.rb:18:in `call'
  activesupport (4.2.3) lib/active_support/cache/strategy/local_cache_middleware.rb:28:in `call'
  rack (1.6.4) lib/rack/lock.rb:17:in `call'
  actionpack (4.2.3) lib/action_dispatch/middleware/static.rb:116:in `call'
  rack (1.6.4) lib/rack/sendfile.rb:113:in `call'
  railties (4.2.3) lib/rails/engine.rb:518:in `call'
  railties (4.2.3) lib/rails/application.rb:165:in `call'
  rack (1.6.4) lib/rack/content_length.rb:15:in `call'
  puma (2.13.4) lib/puma/server.rb:541:in `handle_request'
  puma (2.13.4) lib/puma/server.rb:388:in `process_client'
  puma (2.13.4) lib/puma/server.rb:270:in `block in run'
  puma (2.13.4) lib/puma/thread_pool.rb:106:in `call'
  puma (2.13.4) lib/puma/thread_pool.rb:106:in `block in spawn_thread'


  Rendered /Users/alicemorin/.rbenv/versions/2.2.3/lib/ruby/gems/2.2.0/gems/actionpack-4.2.3/lib/action_dispatch/middleware/templates/rescues/_trace.html.erb (2.8ms)
  Rendered /Users/alicemorin/.rbenv/versions/2.2.3/lib/ruby/gems/2.2.0/gems/actionpack-4.2.3/lib/action_dispatch/middleware/templates/routes/_route.html.erb (0.9ms)
  Rendered /Users/alicemorin/.rbenv/versions/2.2.3/lib/ruby/gems/2.2.0/gems/actionpack-4.2.3/lib/action_dispatch/middleware/templates/routes/_table.html.erb (1.3ms)
  Rendered /Users/alicemorin/.rbenv/versions/2.2.3/lib/ruby/gems/2.2.0/gems/actionpack-4.2.3/lib/action_dispatch/middleware/templates/rescues/_request_and_response.html.erb (1.2ms)
  Rendered /Users/alicemorin/.rbenv/versions/2.2.3/lib/ruby/gems/2.2.0/gems/actionpack-4.2.3/lib/action_dispatch/middleware/templates/rescues/routing_error.html.erb within rescues/layout (83.5ms)


Started GET "/" for ::1 at 2015-10-28 16:13:48 +0100
Processing by PagesController#home as HTML
  Rendered pages/home.html.erb within layouts/application (174.9ms)
  Rendered shared/_navbar.html.erb (0.4ms)
  Rendered shared/_footer.html.erb (0.3ms)
Completed 200 OK in 650ms (Views: 650.0ms | ActiveRecord: 0.0ms)


Started GET "/" for ::1 at 2015-10-28 17:08:37 +0100
Processing by PagesController#home as HTML
  Rendered pages/home.html.erb within layouts/application (90.9ms)
  Rendered shared/_navbar.html.erb (0.0ms)
  Rendered shared/_footer.html.erb (0.0ms)
Completed 200 OK in 7216ms (Views: 7216.3ms | ActiveRecord: 0.0ms)


Started GET "/" for ::1 at 2015-10-28 17:08:45 +0100
Processing by PagesController#home as HTML
  Rendered pages/home.html.erb within layouts/application (7.3ms)
  Rendered shared/_navbar.html.erb (0.0ms)
  Rendered shared/_footer.html.erb (0.0ms)
Completed 200 OK in 120ms (Views: 120.0ms | ActiveRecord: 0.0ms)
